file /Users/lpmg/Desktop/Uni/Sem5/Tsunami/tsunami_lab/SConstruct,line 36:
	Configure(confdir = .sconf_temp)
scons: Configure: Checking for C library netcdf... 
scons: Configure: ".sconf_temp/conftest_1ddd6b9627e69bc88093239e56660785_0.c" is up to date.
scons: Configure: The original builder output was:
  |.sconf_temp/conftest_1ddd6b9627e69bc88093239e56660785_0.c <-
  |  |
  |  |
  |  |#include "netcdf.h"
  |  |
  |  |int main(void) {
  |  |  
  |  |return 0;
  |  |}
  |  |
  |
scons: Configure: ".sconf_temp/conftest_1ddd6b9627e69bc88093239e56660785_0.o" is up to date.
scons: Configure: The original builder output was:
  |gcc -o .sconf_temp/conftest_1ddd6b9627e69bc88093239e56660785_0.o -c .sconf_temp/conftest_1ddd6b9627e69bc88093239e56660785_0.c
  |
scons: Configure: ".sconf_temp/conftest_1ddd6b9627e69bc88093239e56660785_0_b592ebdd36f6be32a5b2ea6e1bd2921e" is up to date.
scons: Configure: The original builder output was:
  |gcc -o .sconf_temp/conftest_1ddd6b9627e69bc88093239e56660785_0_b592ebdd36f6be32a5b2ea6e1bd2921e .sconf_temp/conftest_1ddd6b9627e69bc88093239e56660785_0.o -lnetcdf
  |
scons: Configure: (cached) yes


